<?xml version="1.0" encoding="UTF-8"?>
<!-- Generated by org.testng.reporters.JUnitReportReporter -->
<testsuite hostname="DESKTOP-0E78LUQ" failures="0" tests="1" name="com.drb.script.DrbTest2" time="20.974" errors="0" timestamp="2022-12-01T22:05:56 IST" skipped="0">
  <testcase classname="com.drb.script.DrbTest2" name="validAllCreateProfile" time="20.974"/>
  <system-out/>
</testsuite> <!-- com.drb.script.DrbTest2 -->
